# JRE version: OpenJDK Runtime Environment (8.0_60-b24) (build 1.8.0_60-b24)
# Java VM: OpenJDK 64-Bit Server VM (25.60-b23 mixed mode linux-amd64 compressed oops)
Heap:
 PSYoungGen      total 183296K, used 892K [0x00000000ec000000, 0x00000000f8700000, 0x0000000100000000)
  eden space 173056K, 0% used [0x00000000ec000000,0x00000000ec000000,0x00000000f6900000)
  from space 10240K, 8% used [0x00000000f6900000,0x00000000f69df100,0x00000000f7300000)
  to   space 10240K, 0% used [0x00000000f7300000,0x00000000f7300000,0x00000000f7d00000)
 ParOldGen       total 30208K, used 15746K [0x00000000c4000000, 0x00000000c5d80000, 0x00000000ec000000)
  object space 30208K, 52% used [0x00000000c4000000,0x00000000c4f60b00,0x00000000c5d80000)
 Metaspace       used 34510K, capacity 35266K, committed 35496K, reserved 1081344K
  class space    used 4359K, capacity 4577K, committed 4656K, reserved 1048576K
GC Heap History (10 events):
Event: 15.227 GC heap after
Heap after GC invocations=13 (full 0):
 PSYoungGen      total 83968K, used 1900K [0x00000000ec000000, 0x00000000f4680000, 0x0000000100000000)
  eden space 75776K, 0% used [0x00000000ec000000,0x00000000ec000000,0x00000000f0a00000)
  from space 8192K, 23% used [0x00000000f0a00000,0x00000000f0bdb080,0x00000000f1200000)
  to   space 8192K, 0% used [0x00000000f3e80000,0x00000000f3e80000,0x00000000f4680000)
 ParOldGen       total 40960K, used 11809K [0x00000000c4000000, 0x00000000c6800000, 0x00000000ec000000)
  object space 40960K, 28% used [0x00000000c4000000,0x00000000c4b885f8,0x00000000c6800000)
 Metaspace       used 20817K, capacity 21202K, committed 21296K, reserved 1067008K
  class space    used 2698K, capacity 2831K, committed 2864K, reserved 1048576K
}
Event: 15.227 GC heap before
{Heap before GC invocations=14 (full 1):
 PSYoungGen      total 83968K, used 1900K [0x00000000ec000000, 0x00000000f4680000, 0x0000000100000000)
  eden space 75776K, 0% used [0x00000000ec000000,0x00000000ec000000,0x00000000f0a00000)
  from space 8192K, 23% used [0x00000000f0a00000,0x00000000f0bdb080,0x00000000f1200000)
  to   space 8192K, 0% used [0x00000000f3e80000,0x00000000f3e80000,0x00000000f4680000)
 ParOldGen       total 40960K, used 11809K [0x00000000c4000000, 0x00000000c6800000, 0x00000000ec000000)
  object space 40960K, 28% used [0x00000000c4000000,0x00000000c4b885f8,0x00000000c6800000)
 Metaspace       used 20817K, capacity 21202K, committed 21296K, reserved 1067008K
  class space    used 2698K, capacity 2831K, committed 2864K, reserved 1048576K
Event: 15.283 GC heap after
Heap after GC invocations=14 (full 1):
 PSYoungGen      total 83968K, used 0K [0x00000000ec000000, 0x00000000f4680000, 0x0000000100000000)
  eden space 75776K, 0% used [0x00000000ec000000,0x00000000ec000000,0x00000000f0a00000)
  from space 8192K, 0% used [0x00000000f0a00000,0x00000000f0a00000,0x00000000f1200000)
  to   space 8192K, 0% used [0x00000000f3e80000,0x00000000f3e80000,0x00000000f4680000)
 ParOldGen       total 30208K, used 8793K [0x00000000c4000000, 0x00000000c5d80000, 0x00000000ec000000)
  object space 30208K, 29% used [0x00000000c4000000,0x00000000c4896548,0x00000000c5d80000)
 Metaspace       used 20817K, capacity 21202K, committed 21296K, reserved 1067008K
  class space    used 2698K, capacity 2831K, committed 2864K, reserved 1048576K
}
Event: 17.582 GC heap before
{Heap before GC invocations=15 (full 1):
 PSYoungGen      total 83968K, used 75776K [0x00000000ec000000, 0x00000000f4680000, 0x0000000100000000)
  eden space 75776K, 100% used [0x00000000ec000000,0x00000000f0a00000,0x00000000f0a00000)
  from space 8192K, 0% used [0x00000000f0a00000,0x00000000f0a00000,0x00000000f1200000)
  to   space 8192K, 0% used [0x00000000f3e80000,0x00000000f3e80000,0x00000000f4680000)
 ParOldGen       total 30208K, used 8793K [0x00000000c4000000, 0x00000000c5d80000, 0x00000000ec000000)
  object space 30208K, 29% used [0x00000000c4000000,0x00000000c4896548,0x00000000c5d80000)
 Metaspace       used 26384K, capacity 26820K, committed 27056K, reserved 1073152K
  class space    used 3312K, capacity 3459K, committed 3504K, reserved 1048576K
Event: 17.617 GC heap after
Heap after GC invocations=15 (full 1):
 PSYoungGen      total 123392K, used 7795K [0x00000000ec000000, 0x00000000f4680000, 0x0000000100000000)
  eden space 115200K, 0% used [0x00000000ec000000,0x00000000ec000000,0x00000000f3080000)
  from space 8192K, 95% used [0x00000000f3e80000,0x00000000f461cc88,0x00000000f4680000)
  to   space 9216K, 0% used [0x00000000f3480000,0x00000000f3480000,0x00000000f3d80000)
 ParOldGen       total 30208K, used 8801K [0x00000000c4000000, 0x00000000c5d80000, 0x00000000ec000000)
  object space 30208K, 29% used [0x00000000c4000000,0x00000000c4898548,0x00000000c5d80000)
 Metaspace       used 26384K, capacity 26820K, committed 27056K, reserved 1073152K
  class space    used 3312K, capacity 3459K, committed 3504K, reserved 1048576K
}
Event: 28.766 GC heap before
{Heap before GC invocations=16 (full 1):
 PSYoungGen      total 123392K, used 122995K [0x00000000ec000000, 0x00000000f4680000, 0x0000000100000000)
  eden space 115200K, 100% used [0x00000000ec000000,0x00000000f3080000,0x00000000f3080000)
  from space 8192K, 95% used [0x00000000f3e80000,0x00000000f461cc88,0x00000000f4680000)
  to   space 9216K, 0% used [0x00000000f3480000,0x00000000f3480000,0x00000000f3d80000)
 ParOldGen       total 30208K, used 8801K [0x00000000c4000000, 0x00000000c5d80000, 0x00000000ec000000)
  object space 30208K, 29% used [0x00000000c4000000,0x00000000c4898548,0x00000000c5d80000)
 Metaspace       used 33611K, capacity 34228K, committed 34480K, reserved 1079296K
  class space    used 4282K, capacity 4459K, committed 4528K, reserved 1048576K
Event: 28.810 GC heap after
Heap after GC invocations=16 (full 1):
 PSYoungGen      total 128512K, used 7715K [0x00000000ec000000, 0x00000000f7d00000, 0x0000000100000000)
  eden space 119296K, 0% used [0x00000000ec000000,0x00000000ec000000,0x00000000f3480000)
  from space 9216K, 83% used [0x00000000f3480000,0x00000000f3c08d28,0x00000000f3d80000)
  to   space 10240K, 0% used [0x00000000f7300000,0x00000000f7300000,0x00000000f7d00000)
 ParOldGen       total 30208K, used 12503K [0x00000000c4000000, 0x00000000c5d80000, 0x00000000ec000000)
  object space 30208K, 41% used [0x00000000c4000000,0x00000000c4c35e90,0x00000000c5d80000)
 Metaspace       used 33611K, capacity 34228K, committed 34480K, reserved 1079296K
  class space    used 4282K, capacity 4459K, committed 4528K, reserved 1048576K
}
Event: 33.404 GC heap before
{Heap before GC invocations=17 (full 1):
 PSYoungGen      total 128512K, used 127011K [0x00000000ec000000, 0x00000000f7d00000, 0x0000000100000000)
  eden space 119296K, 100% used [0x00000000ec000000,0x00000000f3480000,0x00000000f3480000)
  from space 9216K, 83% used [0x00000000f3480000,0x00000000f3c08d28,0x00000000f3d80000)
  to   space 10240K, 0% used [0x00000000f7300000,0x00000000f7300000,0x00000000f7d00000)
 ParOldGen       total 30208K, used 12503K [0x00000000c4000000, 0x00000000c5d80000, 0x00000000ec000000)
  object space 30208K, 41% used [0x00000000c4000000,0x00000000c4c35e90,0x00000000c5d80000)
 Metaspace       used 33900K, capacity 34548K, committed 34736K, reserved 1079296K
  class space    used 4282K, capacity 4459K, committed 4528K, reserved 1048576K
Event: 33.717 GC heap after
Heap after GC invocations=17 (full 1):
 PSYoungGen      total 183296K, used 2144K [0x00000000ec000000, 0x00000000f8700000, 0x0000000100000000)
  eden space 173056K, 0% used [0x00000000ec000000,0x00000000ec000000,0x00000000f6900000)
  from space 10240K, 20% used [0x00000000f7300000,0x00000000f7518010,0x00000000f7d00000)
  to   space 10240K, 0% used [0x00000000f6900000,0x00000000f6900000,0x00000000f7300000)
 ParOldGen       total 30208K, used 15285K [0x00000000c4000000, 0x00000000c5d80000, 0x00000000ec000000)
  object space 30208K, 50% used [0x00000000c4000000,0x00000000c4eed780,0x00000000c5d80000)
 Metaspace       used 33900K, capacity 34548K, committed 34736K, reserved 1079296K
  class space    used 4282K, capacity 4459K, committed 4528K, reserved 1048576K
}
Event: 37.605 GC heap before
{Heap before GC invocations=18 (full 1):
 PSYoungGen      total 183296K, used 132051K [0x00000000ec000000, 0x00000000f8700000, 0x0000000100000000)
  eden space 173056K, 75% used [0x00000000ec000000,0x00000000f3edcf58,0x00000000f6900000)
  from space 10240K, 20% used [0x00000000f7300000,0x00000000f7518010,0x00000000f7d00000)
  to   space 10240K, 0% used [0x00000000f6900000,0x00000000f6900000,0x00000000f7300000)
 ParOldGen       total 30208K, used 15285K [0x00000000c4000000, 0x00000000c5d80000, 0x00000000ec000000)
  object space 30208K, 50% used [0x00000000c4000000,0x00000000c4eed780,0x00000000c5d80000)
 Metaspace       used 34510K, capacity 35266K, committed 35496K, reserved 1081344K
  class space    used 4359K, capacity 4577K, committed 4656K, reserved 1048576K

